c:\users\benkokes\documents\code\datadisplay\x64\debug\vc141.pdb
c:\users\benkokes\documents\code\datadisplay\x64\debug\myform.obj
c:\users\benkokes\documents\code\datadisplay\x64\debug\.netframework,version=v4.5.assemblyattributes.obj
c:\users\benkokes\documents\code\datadisplay\x64\debug\.netframework,version=v4.5.assemblyattributes.asm
c:\users\benkokes\documents\code\datadisplay\x64\debug\project1.myform.resources
c:\users\benkokes\documents\code\datadisplay\x64\debug\datadisplay.exe
c:\users\benkokes\documents\code\datadisplay\x64\debug\datadisplay.pdb
c:\users\benkokes\documents\code\datadisplay\x64\debug\project1.vcxproj.generateresource.cache
c:\users\benkokes\documents\code\datadisplay\x64\debug\project1.vcxprojresolveassemblyreference.cache
c:\users\benkokes\documents\code\datadisplay\x64\debug\datadisplay.exe.metagen
c:\users\benkokes\documents\code\datadisplay\x64\debug\datadisplay.tlog\cl.command.1.tlog
c:\users\benkokes\documents\code\datadisplay\x64\debug\datadisplay.tlog\cl.read.1.tlog
c:\users\benkokes\documents\code\datadisplay\x64\debug\datadisplay.tlog\cl.write.1.tlog
c:\users\benkokes\documents\code\datadisplay\x64\debug\datadisplay.tlog\datadisplay.write.1u.tlog
c:\users\benkokes\documents\code\datadisplay\x64\debug\datadisplay.tlog\link.command.1.tlog
c:\users\benkokes\documents\code\datadisplay\x64\debug\datadisplay.tlog\link.read.1.tlog
c:\users\benkokes\documents\code\datadisplay\x64\debug\datadisplay.tlog\link.write.1.tlog
c:\users\benkokes\documents\code\datadisplay\x64\debug\datadisplay.tlog\metagen.read.1.tlog
c:\users\benkokes\documents\code\datadisplay\x64\debug\datadisplay.tlog\metagen.write.1.tlog
c:\users\benkokes\documents\code\datadisplay\x64\debug\datadisplay.tlog\tzres.dll.bi
